<?xml version="1.0" encoding="UTF-8"?>
<!-- Generated by org.testng.reporters.JUnitXMLReporter -->
<testsuite hostname="Keshav-PC" ignored="0" name="TestLogin" tests="1" failures="1" timestamp="20 Jul 2018 16:39:55 GMT" time="0.042" errors="0">
  <testcase name="Testlogin" time="0.016" classname="testcase.TestHomePage">
    <failure type="java.lang.NullPointerException">
      <![CDATA[java.lang.NullPointerException
at pages.HomePage.doLogin(HomePage.java:19)
at testcase.TestHomePage.Testlogin(TestHomePage.java:13)
... Removed 25 stack frames]]>
    </failure>
  </testcase> <!-- Testlogin -->
</testsuite> <!-- TestLogin -->
